         w __deregister_frame_info
         w __register_frame_info
         w __syscall_lock_close_recursive
         w userAppExit
         w userAppInit
00000000 00000401 B __ctru_dev_path_buf
00000000 b _TLS_MODULE_BASE_
00000000 a shift
00000000 a shift
00000404 00000802 B __ctru_dev_utf16_buf
00100000 A __start__
00100000 T _start
00100008 T __service_ptr
0010000c T __apt_appid
00100010 T __heap_size
00100014 T __linear_heap_size
00100018 T __system_arglist
0010001c T __system_runflags
00100020 t startup
00100058 t ClearMem
0010006c t ClrLoop
00100094 T _init
001000ac T __aeabi_idiv
001000ac 00000220 T __divsi3
001000b4 t .divsi3_skip_div0_test
001002cc 00000020 T __aeabi_idivmod
001002ec 00000004 W __aeabi_idiv0
001002ec 00000004 W __aeabi_ldiv0
001002f0 T __aeabi_drsub
001002f8 000002b0 T __aeabi_dsub
001002f8 000002b0 T __subdf3
001002fc 000002ac T __adddf3
001002fc 000002ac T __aeabi_dadd
001005a8 00000024 T __aeabi_ui2d
001005a8 00000024 T __floatunsidf
001005cc 00000028 T __aeabi_i2d
001005cc 00000028 T __floatsidf
001005f4 00000048 T __aeabi_f2d
001005f4 00000048 T __extendsfdf2
0010063c 00000074 T __aeabi_ul2d
0010063c 00000074 T __floatundidf
00100650 00000060 T __aeabi_l2d
00100650 00000060 T __floatdidf
001006b0 T __aeabi_uldivmod
00100708 00000390 T strcmp
00100a90 t .udivsi3_skip_div0_test
00100a90 T __aeabi_uidiv
00100a90 000001ec T __udivsi3
00100c7c 00000020 T __aeabi_uidivmod
00100c9c t __do_global_dtors_aux
00100cdc t frame_dummy
00100d08 00000140 T main
00100e48 00000048 T C2D_Flush
00100e90 00000104 T C2D_SceneSize
00100f94 00000058 T C2D_CreateScreenTarget
00100fec 00000064 T C2D_TargetClear
00101050 00000058 T C2Di_AppendQuad
001010a8 00000550 T C2Di_Update
001015f8 00000158 T C2D_DrawRectangle
00101750 00000004 W C3Di_LightEnvUpdate
00101754 00000004 W C3Di_GasUpdate
00101758 00000098 T C3D_SetViewport
001017f0 000004e8 T C3Di_UpdateContext
00101cd8 000000e0 T C3Di_SplitFrame
00101db8 000000e4 T C3D_FrameBegin
00101e9c 00000048 T C3D_FrameDrawOn
00101ee4 00000058 T C3D_FrameSplit
00101f3c 00000184 T C3D_RenderTargetCreate
001020c0 000000a8 T C3D_RenderTargetSetOutput
00102168 00000044 T C3D_TexBind
001021ac 0000016c T C3Di_SetTex
00102318 0000001c T C3D_CalcColorBufSize
00102334 0000001c T C3D_CalcDepthBufSize
00102350 00000044 T C3D_SetFrameBuf
00102394 0000016c T C3Di_FrameBufBind
00102500 000000c8 T C3D_FrameBufClear
001025c8 00000034 T C3D_GetTexEnv
001025fc 00000024 T C3Di_TexEnvBind
00102620 00000218 T C3D_DrawElements
00102838 00000054 T C3D_ProcTexBind
0010288c 0000005c T C3D_ProcTexLutBind
001028e8 0000017c T C3Di_ProcTexUpdate
00102a64 00000048 T C3Di_BufInfoBind
00102aac 000001ac T C3Di_EffectBind
00102c58 00000080 T C3Di_AttrInfoBind
00102cd8 000000a8 T C3D_ImmSendAttrib
00102d80 00000280 T C3D_UpdateUniforms
00103000 000000cc T Mtx_Ortho
001030cc 000000cc T Mtx_OrthoTilt
00103198 00000024 t addrMapNodeComparator(rbtree_node const*, rbtree_node const*)
001031bc 00000004 t addrMapNodeDestructor(rbtree_node*)
001031c0 00000258 T vramMemAlignAt
00103418 0000000c T vramAlloc
00103424 0000000c T vramAllocAt
00103430 00000090 T vramFree
001034c0 00000024 t addrMapNodeComparator(rbtree_node const*, rbtree_node const*)
001034e4 00000004 t addrMapNodeDestructor(rbtree_node*)
001034e8 00000130 T linearMemAlign
00103618 00000008 T linearAlloc
00103620 0000005c T linearFree
0010367c 00000080 T MemPool::CoalesceRight(MemBlock*)
001036fc 00000174 T MemPool::Allocate(MemChunk&, unsigned long, int)
00103870 000000fc T MemPool::Deallocate(MemChunk const&)
0010396c 00000030 T MemPool::GetFreeSpace()
0010399c 00000074 T osConvertVirtToPhys
00103a10 00000034 T __ctru_speedup_config
00103a44 00000204 t parseColor
00103c48 000001ac T consoleDrawChar
00103df4 00000124 T consolePrintChar
00103f18 00000b00 T con_write
00104a18 000000f4 t newRow
00104b0c 00000168 T consoleInit
00104c74 000000d0 t gfxPresentFramebuffer
00104d44 0000001c T gfxIsWide
00104d60 000000ec T gfxSetScreenFormat
00104e4c 00000010 T gfxSetDoubleBuffering
00104e5c 000000e8 T gfxInit
00104f44 00000010 T gfxInitDefault
00104f54 000000b4 T gfxExit
00105008 000000a0 T gfxGetFramebuffer
001050a8 0000010c T gfxFlushBuffers
001051b4 00000050 T gfxSwapBuffers
00105204 00000050 T gfxSwapBuffersGpu
00105254 000008c8 T shaderProgramConfigure
00105b1c 00000078 T GX_ProcessCommandList
00105b94 00000074 T GX_MemoryFill
00105c08 00000068 t gxCmdQueueDoCommands.part.0
00105c70 000000c8 T gxCmdQueueInterrupt
00105d38 0000004c T gxCmdQueueClear
00105d84 000000f8 T gxCmdQueueAdd
00105e7c 00000060 T gxCmdQueueStop
00105edc 00000074 T gxCmdQueueWait
00105f50 0000013c T GPUCMD_Add
0010608c 000000b0 T GPUCMD_Split
0010613c 00000040 T f32tof24
0010617c 00000044 T f32tof31
001061c0 00000c58 t gspHardwareInit
00106e18 0000024c T gspInit
00107064 000000f0 T gspExit
00107154 00000010 T gspHasGpuRight
00107164 000000a0 T gspPresentBuffer
00107204 00000050 T gspWaitForEvent
00107254 0000004c T gspWaitForAnyEvent
001072a0 00000160 t gspEventThreadMain
00107400 00000130 T gspSubmitGxCommand
00107530 00000050 T GSPGPU_FlushDataCache
00107580 00000034 T GSPGPU_SetLcdForceBlack
001075b4 00000068 T GSPGPU_AcquireRight
0010761c 00000048 T GSPGPU_ReleaseRight
00107664 0000007c T GSPGPU_ImportDisplayCaptureInfo
001076e0 0000002c T GSPGPU_SaveVramSysArea
0010770c 0000002c T GSPGPU_RestoreVramSysArea
00107738 000001b0 t aptConvertScreenForCapture
001078e8 00000008 W aptDspSleep
001078f0 00000004 W aptDspWakeup
001078f4 00000004 W aptDspCancel
001078f8 0000015c T aptSendCommand
00107a54 00000038 t aptExitProcess
00107a8c 000002f0 T aptExit
00107d7c 000000d8 T aptHandleSleep
00107e54 00000084 T APT_SleepIfShellClosed
00107ed8 00000084 T aptSetSleepAllowed
00107f5c 00000084 T APT_UnlockTransition
00107fe0 00000484 t aptEventHandler
00108464 000000b0 T APT_ReceiveParameter
00108514 000000b0 t aptReceiveParameter.constprop.0
001085c8 000002bc t aptScreenTransfer
00108884 00000374 t aptWaitForWakeUp.isra.0
00108bf8 000000f8 T aptJumpToHomeMenu
00108cf0 0000004c T aptMainLoop
00108d3c 00000234 T aptInit
00108f70 0000007c T APT_CheckNew3DS
00108fec 00000024 W hidShouldUseIrrst
00109010 0000018c T hidInit
0010919c 000000e8 T hidExit
00109284 000002a4 T hidScanInput
00109528 00000010 T hidKeysDown
00109538 00000074 T ptmSysmInit
001095ac 0000003c T ptmSysmExit
001095e8 00000034 T PTMSYSM_ConfigureNew3DSCPU
0010961c 00000010 T rbtree_init
0010962c 000001a8 t do_insert
001097d4 00000008 T rbtree_insert
001097dc 00000090 T rbtree_rotate
0010986c 00000338 T rbtree_remove
00109ba4 00000074 T rbtree_find
00109c18 000001e0 W __system_allocateHeaps
00109df8 00000038 W __libctru_init
00109e30 00000168 W __system_initArgv
00109f98 T svcControlMemory
00109fb8 T svcQueryMemory
00109fe8 T svcExitProcess
00109ff0 T svcCreateThread
0010a010 T svcExitThread
0010a018 T svcSleepThread
0010a020 T svcReleaseMutex
0010a028 T svcCreateEvent
0010a03c T svcSignalEvent
0010a044 T svcClearEvent
0010a04c T svcMapMemoryBlock
0010a054 T svcUnmapMemoryBlock
0010a05c T svcCreateAddressArbiter
0010a070 T svcArbitrateAddressNoTimeout
0010a078 T svcCloseHandle
0010a080 T svcWaitSynchronization
0010a088 T svcWaitSynchronizationN
0010a0b0 T svcDuplicateHandle
0010a0c4 T svcGetSystemTick
0010a0cc T svcConnectToPort
0010a0e0 T svcSendSyncRequest
0010a0e8 T svcGetResourceLimit
0010a0fc T svcGetResourceLimitLimitValues
0010a104 T svcGetResourceLimitCurrentValues
0010a10c T svcBreak
0010a114 W initSystem
0010a164 W __ctru_exit
0010a17c 0000000c T __sync_init
0010a188 00000018 T __sync_fini
0010a1a0 0000002c T syncArbitrateAddress
0010a1cc 00000094 T LightLock_Lock
0010a260 00000040 T LightLock_Unlock
0010a2a0 00000024 T RecursiveLock_Init
0010a2c4 00000030 T RecursiveLock_Lock
0010a2f4 00000054 T RecursiveLock_Unlock
0010a348 00000040 T LightEvent_Init
0010a388 000000a4 T LightEvent_Clear
0010a42c 000000c8 T LightEvent_Signal
0010a4f4 00000058 T LightEvent_TryWait
0010a54c 000000b0 T LightEvent_Wait
0010a5fc 00000124 T srvInit
0010a720 00000058 T srvExit
0010a778 00000080 T srvGetServiceHandleDirect
0010a7f8 00000048 T srvGetServiceHandle
0010a840 00000038 T srvPublishToSubscriber
0010a878 00000188 T threadCreate
0010aa00 0000002c T threadFree
0010aa2c 00000024 T threadJoin
0010aa50 00000030 T threadGetCurrent
0010aa80 00000040 T threadExit
0010aac0 00000044 t _thread_begin
0010ab04 00000094 t mappableFindAddressWithin
0010ab98 00000028 T mappableInit
0010abc0 00000080 T mappableAlloc
0010ac40 00000004 T mappableFree
0010ac44 00000160 T irrstInit
0010ada4 000000cc T irrstExit
0010ae70 000000b4 T irrstScanInput
0010af24 00000024 T irrstKeysHeld
0010af48 0000000c T srvPmGetSessionHandle
0010af54 00000058 T rbtree_node_next
0010afac 00000030 W __appInit
0010afdc 00000030 T __syscall_getreent
0010b00c 00000004 T __syscall_lock_acquire
0010b010 00000004 T __syscall_lock_release
0010b014 00000004 T __syscall_lock_init_recursive
0010b018 00000004 T __syscall_lock_acquire_recursive
0010b01c 00000004 T __syscall_lock_release_recursive
0010b020 00000004 T __syscall_exit
0010b024 00000060 T __system_initSyscalls
0010b084 00000030 W __appExit
0010b0b4 00000090 W __libctru_exit
0010b144 00000084 W envGetHandle
0010b1c8 00000050 W envDestroyHandles
0010b218 00000014 t archive_link
0010b22c 00000014 t archive_dirreset
0010b240 00000014 t archive_chmod
0010b254 00000024 t error_cmp
0010b278 00000050 t archive_translate_error
0010b2c8 000000d4 t archive_seek
0010b39c 0000007c t _archiveInit.part.0
0010b418 0000008c t archiveFindDevice.part.0
0010b4a4 00000260 t archive_utf16path
0010b704 000000a0 t _archiveUnmountDeviceStruct.part.0
0010b7a4 00000014 t archive_fchmod
0010b7b8 00000014 t archive_statvfs
0010b7cc 00000158 t _archiveMountDevice
0010b924 000000e8 t archive_diropen
0010ba0c 000000a4 t archive_fstat
0010bab0 0000006c t archive_close
0010bb1c 0000006c t archive_fsync
0010bb88 00000070 t archive_dirclose
0010bbf8 000000e8 t sdmc_statvfs
0010bce0 00000080 t archive_ftruncate
0010bd60 000000fc t archive_chdir
0010be5c 000000b0 t archive_read
0010bf0c 000000ac t archive_unlink
0010bfb8 000000c8 t archive_rmdir
0010c080 000000ec t archive_mkdir
0010c16c 000001a8 t archive_stat
0010c314 0000026c t archive_rename
0010c580 00000168 t archive_dirnext
0010c6e8 0000012c t archive_write
0010c814 000001e8 t archive_open
0010c9fc 000001a4 T archiveMountSdmc
0010cba0 00000054 T archiveUnmountAll
0010cbf4 000000c8 T fsInit
0010ccbc 0000003c T fsExit
0010ccf8 00000060 T fsExemptFromSession
0010cd58 00000050 T fsUnexemptFromSession
0010cda8 000000cc T FSUSER_OpenFile
0010ce74 000000bc T FSUSER_DeleteFile
0010cf30 000000f8 T FSUSER_RenameFile
0010d028 000000bc T FSUSER_DeleteDirectory
0010d0e4 000000d4 T FSUSER_CreateFile
0010d1b8 000000c4 T FSUSER_CreateDirectory
0010d27c 000000f8 T FSUSER_RenameDirectory
0010d374 000000b4 T FSUSER_OpenDirectory
0010d428 00000094 T FSUSER_OpenArchive
0010d4bc 0000008c T FSUSER_CloseArchive
0010d548 00000074 T FSUSER_GetSdmcArchiveResource
0010d5bc 00000064 T FSUSER_IsSdmcWritable
0010d620 00000058 T FSFILE_Read
0010d678 00000060 T FSFILE_Write
0010d6d8 00000038 T FSFILE_GetSize
0010d710 00000028 T FSFILE_SetSize
0010d738 0000003c T FSFILE_Close
0010d774 00000024 T FSFILE_Flush
0010d798 00000050 T FSDIR_Read
0010d7e8 0000003c T FSDIR_Close
0010d824 000000e8 T utf16_to_utf8
0010d90c 00000064 T decode_utf16
0010d970 0000013c T decode_utf8
0010daac 000000c0 T utf8_to_utf16
0010db6c T __aeabi_read_tp
0010db78 00000060 T encode_utf16
0010dbd8 000000fc T encode_utf8
0010dcd4 00000120 T __udivmoddi4
0010ddf4 00000078 T bsearch
0010de6c 00000028 T calloc
0010de94 000000bc T _calloc_r
0010df50 0000000c T __errno
0010df5c 00000034 T exit
0010df90 00000258 T __sflush_r
0010e1e8 00000094 T _fflush_r
0010e27c 0000000c T _cleanup_r
0010e288 00000184 T __sinit
0010e40c 0000000c T __sfp_lock_acquire
0010e418 0000000c T __sfp_lock_release
0010e424 0000003c T __libc_fini_array
0010e460 000000f8 T _malloc_trim_r
0010e558 000002e4 T _free_r
0010e83c 00000070 T _fwalk_reent
0010e8ac 0000007c T __libc_init_array
0010e928 00000028 T memalign
0010e950 00000150 T _memalign_r
0010eaa0 00000020 T malloc
0010eac0 00000020 T free
0010eae0 000007e0 T _malloc_r
0010f2c0 000000e0 T memchr
0010f3a0 0000011c T memcpy
0010f4bc 00000118 T memset
0010f5d4 0000000c T __malloc_lock
0010f5e0 0000000c T __malloc_unlock
0010f5ec 00000034 T printf
0010f620 00000260 T setvbuf
0010f880 00000074 T sscanf
0010f8f4 00000044 T __sread
0010f938 00000008 T __seofread
0010f940 00000068 T __swrite
0010f9a8 00000048 T __sseek
0010f9f0 00000008 T __sclose
0010f9f8 0000005c T strlen
0010fa54 000000ec T strncat
0010fb40 000000dc T strncmp
0010fc1c 000000c0 T strncpy
0010fcdc 00000048 T strnlen
0010fd24 000001c4 t _strtoul_l.constprop.0
0010fee8 00000004 T _strtoul_r
0010feec 00000030 T strtoul
0010ff1c 00000050 t get_arg
0010ff6c 00002bbc T __ssvfscanf_r
00112b28 00000628 t get_arg
00113150 00003684 T _vfprintf_r
001167d4 000000d4 t __sbprintf
001168a8 00000054 T _wcrtomb_r
001168fc 00000028 T _wcsrtombs_r
00116924 00000154 T __swsetup_r
00116a78 00000114 T __call_exitprocs
00116b8c 000001ac t quorem
00116d38 000012cc T _dtoa_r
00118004 00000160 T _fclose_r
00118164 00000008 T iswspace
0011816c 0000000c T _localeconv_r
00118178 00000010 T __locale_mb_cur_max
00118188 00000138 T __smakebuf_r
001182c0 0000008c T __swhatbuf_r
0011834c 00000068 T _mbrtowc_r
001183b4 000002e4 T __utf8_mbtowc
00118698 00000088 T _Balloc
00118720 0000001c T _Bfree
0011873c 000000f4 T __multadd
00118830 00000110 T __s2b
00118940 00000058 T __hi0bits
00118998 00000094 T __lo0bits
00118a2c 000000a4 T __i2b
00118ad0 00000204 T __multiply
00118cd4 00000120 T __pow5mult
00118df4 0000013c T __lshift
00118f30 00000058 T __mcmp
00118f88 000001cc T __mdiff
00119154 00000074 T __ulp
001191c8 000000d0 T __b2d
00119298 00000124 T __d2b
001193bc 00000078 T __ratio
00119434 00000088 T __copybits
001194bc 0000005c T __any_on
00119518 00000028 T realloc
00119540 00000558 T _realloc_r
00119a98 000000e4 T __sccl
00119b7c 0000000c T nanf
00119b88 000000a8 T frexp
00119c30 00000064 T sprintf
00119c94 000000b8 T stpncpy
00119d4c 0000012c T strchr
00119e78 00001368 T _strtod_l
0011b1e0 0000000c T _strtod_r
0011b1ec 0000022c t _strtoll_l.constprop.0
0011b418 00000004 T _strtoll_r
0011b41c 000001a4 t _strtol_l.part.0
0011b5c0 0000003c T _strtol_r
0011b5fc 00000244 t _strtoull_l.constprop.0
0011b840 00000004 T _strtoull_r
0011b844 00000190 T __ssprint_r
0011b9d4 000000e0 T _sungetc_r
0011bab4 0000006c T __ssrefill_r
0011bb20 000000c8 T _sfread_r
0011bbe8 00000628 t get_arg
0011c210 000035b8 T _svfprintf_r
0011f7c8 000000a8 T __submore
0011f870 00000628 t get_arg
0011fe98 00000030 T __sprint_r
0011fec8 0000233c T _vfiprintf_r
00122204 000000d4 t __sbprintf
001222d8 00000190 T _wcsnrtombs_l
00122468 0000004c T _wcsnrtombs_r
001224b4 000000f0 T __utf8_wctomb
001225a4 00000054 T __assert_func
001225f8 0000003c T fiprintf
00122634 000004c0 T __sfvwrite_r
00122af4 000000ec t rshift
00122be0 00000904 T __gethex
001234e4 0000004c T __match
00123530 0000029c T __hexnan
001237cc 0000003c T iswspace_l
00123808 000001d4 t __jp2uc
001239dc 0000009c T _jp2uc_l
00123a78 00000154 T memmove
00123bd0 00000010 T nan
00123be0 00000014 T abort
00123bf4 00000084 T category
00123c78 00000098 T _raise_r
00123d10 00000020 T raise
00123d30 00000008 t null_write
00123d38 00000018 T setDefaultDevice
00123d50 000000c8 T FindDevice
00123e18 00000028 T RemoveDevice
00123e40 0000009c T AddDevice
00123edc 00000020 T GetDeviceOpTab
00123efc 00000078 T _fstat_r
00123f74 00000014 T _getpid_r
00123f88 00000008 T _isatty_r
00123f90 00000014 T _kill_r
00123fa4 00000084 T _lseek_r
00124028 00000080 T _read_r
001240a8 00000078 T _sbrk_r
00124120 00000080 T _write_r
001241a0 00000020 T _exit
001241c0 000001b8 T _concatenate_path
00124378 00000160 T chdir
001244d8 00000008 T __flockfile
001244e0 00000008 T __funlockfile
001244e8 0000003c T __get_handle
00124524 000000f4 T _close_r
00124618 0000002c T __getreent
00124644 0000001c T __libc_lock_acquire
00124660 0000001c T __libc_lock_release
0012467c 0000001c T __libc_lock_init_recursive
00124698 0000001c T __libc_lock_acquire_recursive
001246b4 0000001c T __libc_lock_release_recursive
001246d0 0000001c T __libc_lock_close_recursive
001246ec 00000038 T __aeabi_d2lz
001246ec 00000038 T __fixdfdi
00124728 00000040 T __aeabi_d2ulz
00124728 00000040 T __fixunsdfdi
00124768 00000044 T strrchr
001247ac T _fini
00125090 00000005 r colorFmtSizes
00125098 00000004 r depthFmtSizes
0012509c 00000010 r CSWTCH.9
00125124 00000006 r colorCube
0012512c 00000030 r colorTable
0012515c 00000070 r dotab_stdout
001251cc 00000018 r grayScale
00125208 00000008 r morton_x.3
00125210 00000008 r morton_y.2
00125218 00000008 r s_sleepWakeEvents.4
00125250 R default_font_bin
00125a50 R default_font_bin_end
00125a7c 00000070 r archive_devoptab
00125aec 00000030 r error_table
00125b24 00000004 R _global_impure_ptr
00125b30 00000022 r basefix.0
00125b90 00000010 r blanks.1
00125ba0 00000010 r zeroes.0
00125bb0 00000101 R _ctype_
00125cc4 r .LC2
00125da8 00000028 R __mprec_bigtens
00125dd0 000000c8 R __mprec_tens
00125e98 0000000c r p05.0
00125eb4 00000014 r fpi.1
00125ec8 00000014 r fpinan.0
00125ee0 00000028 r tinytens
00125f08 0000006c R __action_table
00125f74 00000100 R __chclass
00126074 0000006c R __state_table
001260e0 00000010 r blanks.1
001260f0 00000010 r zeroes.0
00126100 00000010 r blanks.1
00126110 00000010 r zeroes.0
001261a8 00000100 R __hexdig
001262bc 000000bc r a1
00126378 000000bc r a2
00126434 0000005b r a3
00126490 00000070 r a6
00126500 000000a2 r a7
001265a4 00000040 r a8
001265e4 0000172a r b02cf
00127d10 00001a7c r d02f4
0012978c 0000000c R _C_numeric_locale
00129798 000031e6 r categories
0012c980 00000070 R dotab_stdnull
0012c9f0 r 
0012c9f0 R __exidx_end
0012c9f0 R __exidx_start
0012d000 00000004 D currentConsole
0012d004 00000048 D defaultConsole
0012d04c 00000001 d firstConsoleInit.0
0012d050 00000004 d queueLock
0012d054 00000004 d kCount
0012d058 00000004 d kDelay
0012d05c 00000004 d kInterval
0012d060 W __stacksize__
0012d064 00000004 D _impure_ptr
0012d068 00000460 d impure_data
0012d4c8 00000408 D __malloc_av_
0012d8d0 00000004 D __malloc_sbrk_base
0012d8d4 00000004 D __malloc_trim_threshold
0012d8d8 0000016c D __global_locale
0012da44 00000002 d numempty
0012da48 00000004 d defaultDevice
0012da4c 0000008c D devoptab_list
0012dad8 00000400 d _current_working_directory
0012ded8 0000000c d __stderr_handle
0012dee4 0000000c d __stdin_handle
0012def0 0000000c d __stdout_handle
0012defc 00001000 d handles
0012ef04 d _GLOBAL_OFFSET_TABLE_
0012ef10 d __frame_dummy_init_array_entry
0012ef10 D __init_array_start
0012ef10 B __preinit_array_end
0012ef10 B __preinit_array_start
0012ef10 D __tdata_lma
0012ef10 D __tdata_lma_end
0012ef14 d __do_global_dtors_aux_fini_array_entry
0012ef14 D __fini_array_start
0012ef14 D __init_array_end
0012ef18 D __bss_start__
0012ef18 D __fini_array_end
0012ef18 b completed.1
0012ef1c b object.0
0012ef38 000005a8 B __C2Di_Context
0012f4e0 00000040 b s_projBot
0012f520 00000040 b s_projTop
0012f560 00000004 b uLoc_mdlvMtx
0012f564 00000004 b uLoc_projMtx
0012f568 000002d0 B __C3D_Context
0012f838 00000010 b cpuTime
0012f848 00000004 b firstTarget
0012f84c 00000008 b frameCounter
0012f854 00000001 b inFrame
0012f858 00000004 b lastTarget
0012f85c 0000000c b linkedTarget
0012f868 00000004 B C3D_BoolUnifs
0012f86c 00000002 B C3D_BoolUnifsDirty
0012f870 00000c00 B C3D_FVUnif
00130470 000000c0 B C3D_FVUnifDirty
00130530 00000020 B C3D_IVUnif
00130550 00000008 B C3D_IVUnifDirty
00130558 000000c0 b C3Di_FVUnifEverDirty
00130618 00000008 b C3Di_IVUnifEverDirty
00130620 00000018 b C3Di_ShaderFVecData
00130638 00000008 b sVramPoolA
00130640 00000008 b sVramPoolB
00130648 0000000c b sAddrMap
00130654 00000008 b sLinearPool
0013065c 0000000c b sAddrMap
00130668 00000001 V __ctru_speedup
0013066c 00000048 B currentCopy
001306b4 00000004 b gfxBottomFramebufferMaxSize
001306b8 00000008 b gfxBottomFramebuffers
001306c0 00000002 b gfxCurBuf
001306c4 00000002 b gfxFramebufferFormats
001306c8 00000002 b gfxIsDoubleBuf
001306ca 00000001 b gfxIsVram
001306cc 00000004 b gfxTopFramebufferMaxSize
001306d0 00000008 b gfxTopFramebuffers
001306d8 00000001 b gfxTopMode
001306dc 00000004 b screenAlloc
001306e0 00000004 b screenFree
001306e4 00000004 b boundQueue
001306e8 00000004 b curQueue
001306ec 00000001 b isActive
001306ed 00000001 b isRunning
001306ee 00000001 b shouldStop
001306f0 00000004 B gpuCmdBuf
001306f4 00000004 B gpuCmdBufOffset
001306f8 00000004 B gpuCmdBufSize
001306fc 00000004 b gspEvent
00130700 0000001c b gspEventCb
0013071c 0000001c b gspEventCbData
00130738 00000007 b gspEventCbOneShot
00130740 00000004 b gspEventThread
00130744 00000038 b gspEvents
0013077c 00000004 b gspGpuHandle
00130780 00000001 b gspGpuRight
00130784 00000004 b gspLastEvent
00130788 00000004 b gspRefCount
0013078c 00000001 b gspRunEvents
00130790 00000004 b gspSharedMem
00130794 00000004 b gspSharedMemHandle
00130798 00000001 b gspThreadId
00130799 00000001 b aptChainloadFlags
0013079a 00000001 b aptChainloadMediatype
001307a0 00000008 b aptChainloadTid
001307a8 00000004 b aptEventHandlerThread
001307ac 00000001 b aptEventHandlerThreadQuit
001307b0 00000008 b aptEvents
001307b8 0000000c b aptFirstHook
001307c4 00000004 b aptFlags
001307c8 00000001 b aptHomeButtonState
001307cc 00000004 b aptLockHandle
001307d0 00000004 b aptMessageFunc
001307d4 00000004 b aptMessageFuncData
001307d8 00001000 b aptParameters
001317d8 00000008 b aptReceiveEvent
001317e0 00000004 b aptRefCount
001317e4 00000008 b aptSleepEvent
001317ec 00000001 b flagInit.1
001317ed 00000001 b flagValue.0
001317f0 00000004 b serviceName.6
001317f4 00000006 b aVec
001317fc 00000004 b cPos
00131800 00000006 b gRate
00131808 00000014 B hidEvents
0013181c 00000004 B hidHandle
00131820 00000004 B hidMemHandle
00131824 00000004 b hidRefCount
00131828 00000004 B hidSharedMem
0013182c 00000004 b kDown
00131830 00000004 b kHeld
00131834 00000004 b kOld
00131838 00000004 b kRepeat
0013183c 00000004 b kUp
00131840 00000004 b tPos
00131844 00000001 b usingIrrst
00131848 00000004 b ptmSysmHandle
0013184c 00000004 b ptmSysmRefCount
00131850 00000004 B __ctru_heap
00131854 00000004 V __ctru_heap_size
00131858 00000004 B __ctru_linear_heap
0013185c 00000004 V __ctru_linear_heap_size
00131860 00000004 B __system_retAddr
00131864 00000004 B __system_argc
00131868 00000004 B __system_argv
0013186c b saved_stack
00131874 00000004 b arbiter
00131878 00000004 B __3dslink_host
0013187c 00000004 b srvHandle
00131880 00000004 b srvRefCount
00131884 00000004 b currentAddr
00131888 00000004 b maxAddr
0013188c 00000004 b minAddr
00131890 00000004 b csPos
00131894 00000004 B irrstEvent
00131898 00000004 B irrstHandle
0013189c 00000004 B irrstMemHandle
001318a0 00000004 b irrstRefCount
001318a4 00000004 B irrstSharedMem
001318a8 00000004 b kHeld
001318ac 00000004 b srvPmHandle
001318b0 00000004 b archive_device_cwd
001318b8 00000540 b archive_devices
00131df8 00000001 b archive_initialized
00131e00 00000080 b fsExemptArchives
00131e80 00000004 b fsuHandle
00131e84 00000004 b fsuRefCount
00131e88 0000000c b __sfp_recursive_mutex
00131e94 0000000c b __sinit_recursive_mutex
00131ea0 00000028 B __malloc_current_mallinfo
00131ec8 00000004 B __malloc_max_sbrked_mem
00131ecc 00000004 B __malloc_max_total_mem
00131ed0 00000004 B __malloc_top_pad
00131ed4 0000000c b __malloc_recursive_mutex
00131ee0 0000000c B __atexit_recursive_mutex
00131eec 00000004 b heap_start.0
00131ef0 00000004 B fake_heap_end
00131ef4 00000004 B fake_heap_start
00131ef8 00000400 b temp_cwd
001322f8 00000004 b __hndl_lock
001322fc B __tls_start
00132f04 B __bss_end__
00132f04 A __end__
00132f04 B __tls_end
